Uff File Converter v1.5.9
Copyright 1999-2008 National Bank Financial. All rights reserved.
Produced by Artisan Computer Technologies Inc., Toronto, Canada.

UFF Error: Odf Format 'SP200CRM' group 'DPSTD' field 'DPSTD_BUY_SELL_IND' is not in the Uff file.
UFF Error: Odf Format 'SP200CRM' group 'DPSTD' field 'DPSTD_MULTIFIL_IND' is not in the Uff file.
UFF Error: Odf Format 'SP200CRM' group 'DPSTD' field 'DPSTD_EMP_DISC_IND' is not in the Uff file.
UFF Error: Odf Format 'SP200CRM' group 'DPSTD' field 'DPSTD_QSSP_COV_IND' is not in the Uff file.
UFF Error: Odf Format 'SP200CRM' group 'DPSTD' field 'DPSTD_REG_REP' is not in the Uff file.
UFF Error: Odf Format 'SP200CRM' group 'DPSTD' field 'DPSTD_TRADE_NO' is not in the Uff file.
UFF Error: Odf Format 'SP200CRM' group 'DPSTD' field 'DPSTD_SPCL_TAX_CDE' is not in the Uff file.
UFF Error: Odf Format 'SP200CRM' group 'DPSTD' field 'DPSTD_BC_FEE_CODE' is not in the Uff file.
UFF Error: Odf Format 'SP200CRM' group 'DPSTD' field 'DPSTD_SUB_LOCN_CDE' is not in the Uff file.
UFF Error: Odf Format 'SP200CRM' group 'DPSTD' field 'DPSTD_INV_CODE' is not in the Uff file.
UFF Error: Odf Format 'SP200CRM' group 'DPSTD' field 'DPSTD_ACCT_NO' is not in the Uff file.
UFF Error: Odf Format 'SP200CRM' group 'DPSTD' field 'DPSTD_PRICE_FUNDS' is not in the Uff file.
UFF Error: Odf Format 'SP200CRM' group 'DPSTD' field 'DPSTD_TRADE_CODE' is not in the Uff file.
UFF Error: Odf Format 'SP200CRM' group 'DPSTD' field 'ORIG_TRD_ACCT' is not in the Uff file.
Uff File Converter v1.5.9
Copyright 1999-2008 National Bank Financial. All rights reserved.
Produced by Artisan Computer Technologies Inc., Toronto, Canada.

UFF Error: Odf Format 'SP200CRM' group 'DPSTD' field 'DPSTD_TRADE_NO' is not in the Uff file.
UFF Error: Odf Format 'SP200CRM' group 'DPSFL' is not in the Uff file.
UFF Error: Odf Format 'SP200CRM' group 'DPSFL' is not in the Uff file.
UFF Error: Odf Format 'SP200CRM' group 'DPSFL' is not in the Uff file.
Uff File Converter v1.5.9
Copyright 1999-2008 National Bank Financial. All rights reserved.
Produced by Artisan Computer Technologies Inc., Toronto, Canada.

UFF Error: Odf Format 'SP200CRM' group 'DPSTD' field 'DPSTD_TRADE_NO' is not in the Uff file.
UFF Error: Odf Format 'SP200CRM' group 'DPSFL' is not in the Uff file.
UFF Error: Odf Format 'SP200CRM' group 'DPSFL' is not in the Uff file.
UFF Error: Odf Format 'SP200CRM' group 'DPSFL' is not in the Uff file.
Uff File Converter v1.5.9
Copyright 1999-2008 National Bank Financial. All rights reserved.
Produced by Artisan Computer Technologies Inc., Toronto, Canada.


UFF Conversion Summary 2015-08-25 15:03:25
------------------------------------------
UFF Data File..: 'c:\uff\in\Q85SP20020150812'
Definition File: 'c:\uff\FileCab.odf'
Data Records...: 54
Data Groups....: 148
Data Fields....: 533

Uff File Converter v1.5.9
Copyright 1999-2008 National Bank Financial. All rights reserved.
Produced by Artisan Computer Technologies Inc., Toronto, Canada.


UFF Conversion Summary 2015-08-25 15:05:59
------------------------------------------
UFF Data File..: 'c:\uff\in\Q85SP39920150812'
Definition File: 'c:\uff\FileCab.odf'
Data Records...: 3375
Data Groups....: 15718
Data Fields....: 55183

Uff File Converter v1.5.9
Copyright 1999-2008 National Bank Financial. All rights reserved.
Produced by Artisan Computer Technologies Inc., Toronto, Canada.

UFF Error: Odf Format 'SD700PR1' group 'DSDRT' field 'UND_CDN_PRICE' is not in the Uff file.
UFF Error: Odf Format 'SD700PR1' group 'DSDRT' field 'UND_US_PRICE' is not in the Uff file.
Uff File Converter v1.5.9
Copyright 1999-2008 National Bank Financial. All rights reserved.
Produced by Artisan Computer Technologies Inc., Toronto, Canada.

UFF Error: Odf Format 'SD700PR1' group 'DSDRT' field 'UND_CAN_PRICE' is not in the Uff file.
UFF Error: Odf Format 'SD700PR1' group 'DSDRT' field 'UND_USD_PRICE' is not in the Uff file.
Uff File Converter v1.5.9
Copyright 1999-2008 National Bank Financial. All rights reserved.
Produced by Artisan Computer Technologies Inc., Toronto, Canada.

UFF Error: Odf Format 'SD700PR1' group 'DSDRT' field 'DSDRT39' is not in the Uff file.
UFF Error: Odf Format 'SD700PR1' group 'DSDRT' field 'DSDRT31' is not in the Uff file.
UFF Error: Odf Format 'SD700PR1' group 'DSDRT' field 'DSDRT32' is not in the Uff file.
UFF Error: Odf Format 'SD700PR1' group 'DSDRT' field 'DSDRT33' is not in the Uff file.
UFF Error: Odf Format 'SD700PR1' group 'DSDRT' field 'DSDRT36' is not in the Uff file.
UFF Error: Odf Format 'SD700PR1' group 'DSDRT' field 'DSDRT48' is not in the Uff file.
UFF Error: Odf Format 'SD700PR1' group 'DSDRT' field 'DSDRT40' is not in the Uff file.
UFF Error: Odf Format 'SD700PR1' group 'DSDRT' field 'DSDRT41' is not in the Uff file.
UFF Error: Odf Format 'SD700PR1' group 'DSDRT' field 'DSDRT42' is not in the Uff file.
UFF Error: Odf Format 'SD700PR1' group 'DSDRT' field 'DSDRT45' is not in the Uff file.
UFF Error: Odf Format 'SD700PR1' group 'DSDRT' field 'DSDRT57' is not in the Uff file.
UFF Error: Odf Format 'SD700PR1' group 'DSDRT' field 'DSDRT61' is not in the Uff file.
Uff File Converter v1.5.9
Copyright 1999-2008 National Bank Financial. All rights reserved.
Produced by Artisan Computer Technologies Inc., Toronto, Canada.

UFF Error: Odf Format 'SD700PR1' group 'DSDPP' field 'DSDPP39' is not in the Uff file.
UFF Error: Odf Format 'SD700PR1' group 'DSDPP' field 'DSDPP31' is not in the Uff file.
UFF Error: Odf Format 'SD700PR1' group 'DSDPP' field 'DSDPP32' is not in the Uff file.
UFF Error: Odf Format 'SD700PR1' group 'DSDPP' field 'DSDPP33' is not in the Uff file.
UFF Error: Odf Format 'SD700PR1' group 'DSDPP' field 'DSDPP36' is not in the Uff file.
UFF Error: Odf Format 'SD700PR1' group 'DSDPP' field 'DSDPP48' is not in the Uff file.
UFF Error: Odf Format 'SD700PR1' group 'DSDPP' field 'DSDPP40' is not in the Uff file.
UFF Error: Odf Format 'SD700PR1' group 'DSDPP' field 'DSDPP41' is not in the Uff file.
UFF Error: Odf Format 'SD700PR1' group 'DSDPP' field 'DSDPP42' is not in the Uff file.
UFF Error: Odf Format 'SD700PR1' group 'DSDPP' field 'DSDPP45' is not in the Uff file.
Uff File Converter v1.5.9
Copyright 1999-2008 National Bank Financial. All rights reserved.
Produced by Artisan Computer Technologies Inc., Toronto, Canada.


UFF Conversion Summary 2015-08-25 15:18:41
------------------------------------------
UFF Data File..: 'c:\uff\in\Q85SD70020150812'
Definition File: 'c:\uff\FileCab.odf'
Data Records...: 403067
Data Groups....: 530390
Data Fields....: 2312689

Uff File Converter v1.5.9
Copyright 1999-2008 National Bank Financial. All rights reserved.
Produced by Artisan Computer Technologies Inc., Toronto, Canada.


UFF Conversion Summary 2015-08-25 16:28:42
------------------------------------------
UFF Data File..: 'c:\uff\in\Q85SD70020150812'
Definition File: 'c:\uff\FileCab.odf'
Data Records...: 403067
Data Groups....: 530390
Data Fields....: 2312689

Uff File Converter v1.5.9
Copyright 1999-2008 National Bank Financial. All rights reserved.
Produced by Artisan Computer Technologies Inc., Toronto, Canada.


UFF Conversion Summary 2015-08-25 16:32:05
------------------------------------------
UFF Data File..: 'c:\uff\in\Q85SP20020150812'
Definition File: 'c:\uff\FileCab.odf'
Data Records...: 54
Data Groups....: 148
Data Fields....: 533

Uff File Converter v1.5.9
Copyright 1999-2008 National Bank Financial. All rights reserved.
Produced by Artisan Computer Technologies Inc., Toronto, Canada.


UFF Conversion Summary 2015-08-25 16:33:14
------------------------------------------
UFF Data File..: 'c:\uff\in\Q85SP39920150812'
Definition File: 'c:\uff\FileCab.odf'
Data Records...: 3375
Data Groups....: 15718
Data Fields....: 55183

Uff File Converter v1.5.9
Copyright 1999-2008 National Bank Financial. All rights reserved.
Produced by Artisan Computer Technologies Inc., Toronto, Canada.

UFF Error: Odf Format 'SD700PR1' group 'DSDRT' field 'UND_CDN_PRICE' is not in the Uff file.
UFF Error: Odf Format 'SD700PR1' group 'DSDRT' field 'UND_US_PRICE' is not in the Uff file.
Uff File Converter v1.5.9
Copyright 1999-2008 National Bank Financial. All rights reserved.
Produced by Artisan Computer Technologies Inc., Toronto, Canada.

UFF Error: Odf Format 'SD700PR1' group 'DSDRT' field 'UND_CDN_PRICE' is not in the Uff file.
UFF Error: Odf Format 'SD700PR1' group 'DSDRT' field 'UND_US_PRICE' is not in the Uff file.
Uff File Converter v1.5.9
Copyright 1999-2008 National Bank Financial. All rights reserved.
Produced by Artisan Computer Technologies Inc., Toronto, Canada.

Error: Unable to open ODF file 'c:\uff\FileCab.odf'.
Reason: No such file or directory
Uff File Converter v1.5.9
Copyright 1999-2008 National Bank Financial. All rights reserved.
Produced by Artisan Computer Technologies Inc., Toronto, Canada.


UFF Conversion Summary 2018-12-21 14:36:26
------------------------------------------
UFF Data File..: 'c:\uff\in\ADXX.SD700'
Definition File: 'c:\uff\FileCab.odf'
Data Records...: 87330
Data Groups....: 222684
Data Fields....: 695934

